TN:
SF:src/githubClient.ts
FN:5,(anonymous_7)
FN:5,(anonymous_8)
FN:9,(anonymous_9)
FN:9,(anonymous_10)
FN:13,(anonymous_11)
FN:13,(anonymous_12)
FN:21,(anonymous_13)
FN:26,(anonymous_14)
FN:26,(anonymous_15)
FN:30,(anonymous_16)
FN:30,(anonymous_17)
FN:34,(anonymous_18)
FN:34,(anonymous_19)
FN:40,(anonymous_20)
FN:48,(anonymous_21)
FN:55,(anonymous_23)
FN:63,(anonymous_25)
FNF:17
FNH:17
FNDA:1,(anonymous_7)
FNDA:1,(anonymous_8)
FNDA:1,(anonymous_9)
FNDA:1,(anonymous_10)
FNDA:1,(anonymous_11)
FNDA:1,(anonymous_12)
FNDA:3,(anonymous_13)
FNDA:1,(anonymous_14)
FNDA:1,(anonymous_15)
FNDA:1,(anonymous_16)
FNDA:1,(anonymous_17)
FNDA:1,(anonymous_18)
FNDA:1,(anonymous_19)
FNDA:31,(anonymous_20)
FNDA:4,(anonymous_21)
FNDA:5,(anonymous_23)
FNDA:6,(anonymous_25)
DA:1,1
DA:2,1
DA:4,1
DA:5,1
DA:6,1
DA:9,1
DA:10,1
DA:13,1
DA:14,1
DA:18,1
DA:22,3
DA:23,3
DA:26,1
DA:27,1
DA:30,1
DA:31,1
DA:34,1
DA:35,1
DA:39,1
DA:42,31
DA:45,31
DA:49,4
DA:50,4
DA:51,4
DA:52,3
DA:56,5
DA:57,5
DA:58,5
DA:59,5
DA:60,5
DA:64,6
DA:65,6
DA:66,6
DA:67,6
DA:68,5
LF:35
LH:35
BRDA:52,0,0,2
BRDA:52,0,1,1
BRDA:58,1,0,4
BRDA:58,1,1,1
BRDA:59,2,0,4
BRDA:59,2,1,1
BRDA:66,3,0,5
BRDA:66,3,1,1
BRF:8
BRH:8
end_of_record
TN:
SF:src/index.ts
FN:40,filterUndefined
FN:41,(anonymous_9)
FN:63,(anonymous_10)
FN:74,(anonymous_11)
FN:120,(anonymous_12)
FN:123,(anonymous_13)
FN:124,(anonymous_14)
FN:135,(anonymous_15)
FN:144,(anonymous_16)
FN:173,(anonymous_18)
FN:173,(anonymous_19)
FN:250,(anonymous_20)
FN:264,(anonymous_22)
FN:303,(anonymous_24)
FN:342,(anonymous_26)
FN:358,(anonymous_28)
FN:363,(anonymous_29)
FN:363,(anonymous_30)
FN:396,(anonymous_31)
FN:397,(anonymous_32)
FN:413,(anonymous_33)
FNF:21
FNH:21
FNDA:72,filterUndefined
FNDA:36,(anonymous_9)
FNDA:36,(anonymous_10)
FNDA:396,(anonymous_11)
FNDA:2,(anonymous_12)
FNDA:6,(anonymous_13)
FNDA:4,(anonymous_14)
FNDA:37,(anonymous_15)
FNDA:1,(anonymous_16)
FNDA:10,(anonymous_18)
FNDA:10,(anonymous_19)
FNDA:3,(anonymous_20)
FNDA:4,(anonymous_22)
FNDA:4,(anonymous_24)
FNDA:2,(anonymous_26)
FNDA:1,(anonymous_28)
FNDA:6,(anonymous_29)
FNDA:6,(anonymous_30)
FNDA:1,(anonymous_31)
FNDA:2,(anonymous_32)
FNDA:3,(anonymous_33)
DA:1,1
DA:2,1
DA:3,1
DA:4,1
DA:5,1
DA:6,1
DA:7,1
DA:9,1
DA:10,1
DA:23,1
DA:24,1
DA:25,1
DA:36,1
DA:37,1
DA:38,1
DA:41,72
DA:44,1
DA:57,36
DA:58,36
DA:64,36
DA:65,36
DA:66,36
DA:67,36
DA:71,36
DA:74,396
DA:90,36
DA:91,36
DA:92,36
DA:93,36
DA:94,36
DA:95,36
DA:96,36
DA:97,36
DA:98,36
DA:99,36
DA:102,36
DA:103,0
DA:105,36
DA:108,36
DA:109,0
DA:111,36
DA:112,0
DA:114,36
DA:117,36
DA:121,2
DA:123,6
DA:125,4
DA:126,4
DA:127,4
DA:129,0
DA:136,37
DA:137,37
DA:138,36
DA:140,1
DA:145,1
DA:146,0
DA:147,0
DA:149,1
DA:150,1
DA:151,1
DA:152,1
DA:154,1
DA:157,0
DA:160,1
DA:163,0
DA:165,0
DA:168,1
DA:169,1
DA:173,10
DA:174,10
DA:175,10
DA:176,9
DA:178,9
DA:179,8
DA:180,1
DA:181,1
DA:183,7
DA:185,7
DA:191,7
DA:193,6
DA:194,1
DA:198,5
DA:199,0
DA:200,0
DA:202,5
DA:203,5
DA:205,1
DA:206,1
DA:207,1
DA:208,1
DA:210,4
DA:212,4
DA:213,1
DA:214,1
DA:216,3
DA:217,1
DA:218,1
DA:221,2
DA:228,2
DA:229,0
DA:230,0
DA:231,0
DA:232,0
DA:234,2
DA:235,2
DA:243,2
DA:246,3
DA:251,3
DA:252,3
DA:253,3
DA:254,3
DA:255,2
DA:257,1
DA:259,1
DA:260,1
DA:265,4
DA:267,4
DA:275,3
DA:277,3
DA:279,3
DA:280,4
DA:288,4
DA:289,4
DA:290,2
DA:292,2
DA:296,3
DA:298,1
DA:299,1
DA:304,4
DA:306,4
DA:314,3
DA:315,3
DA:317,3
DA:318,6
DA:326,6
DA:327,6
DA:328,4
DA:330,2
DA:331,2
DA:335,3
DA:337,1
DA:338,1
DA:343,2
DA:345,2
DA:351,1
DA:353,1
DA:354,1
DA:359,1
DA:360,1
DA:363,6
DA:364,6
DA:365,6
DA:367,5
DA:368,5
DA:369,5
DA:371,5
DA:372,1
DA:375,4
DA:376,2
DA:377,2
DA:380,2
DA:386,2
DA:388,2
DA:390,2
DA:392,1
DA:397,1
DA:398,2
DA:404,1
DA:405,1
DA:407,1
DA:414,3
DA:415,3
DA:428,2
DA:430,1
DA:435,1
LF:175
LH:160
BRDA:41,0,0,72
BRDA:41,0,1,0
BRDA:66,1,0,36
BRDA:66,1,1,36
BRDA:66,2,0,36
BRDA:66,2,1,0
BRDA:66,3,0,36
BRDA:66,3,1,0
BRDA:67,4,0,36
BRDA:67,4,1,36
BRDA:72,5,0,36
BRDA:72,5,1,36
BRDA:72,5,2,36
BRDA:73,6,0,36
BRDA:73,6,1,36
BRDA:73,6,2,36
BRDA:75,7,0,36
BRDA:75,7,1,36
BRDA:75,7,2,36
BRDA:80,8,0,36
BRDA:80,8,1,0
BRDA:80,8,2,0
BRDA:80,9,0,0
BRDA:80,9,1,36
BRDA:80,10,0,36
BRDA:80,10,1,36
BRDA:80,11,0,0
BRDA:80,11,1,0
BRDA:80,12,0,0
BRDA:80,12,1,0
BRDA:82,13,0,36
BRDA:82,13,1,36
BRDA:82,13,2,36
BRDA:83,14,0,36
BRDA:83,14,1,0
BRDA:83,14,2,0
BRDA:84,15,0,36
BRDA:84,15,1,36
BRDA:84,15,2,36
BRDA:85,16,0,36
BRDA:85,16,1,36
BRDA:85,16,2,36
BRDA:86,17,0,36
BRDA:86,17,1,36
BRDA:86,17,2,36
BRDA:102,18,0,0
BRDA:102,18,1,36
BRDA:108,19,0,0
BRDA:108,19,1,36
BRDA:108,20,0,36
BRDA:108,20,1,0
BRDA:111,21,0,0
BRDA:111,21,1,36
BRDA:111,22,0,36
BRDA:111,22,1,0
BRDA:114,23,0,36
BRDA:114,23,1,0
BRDA:114,24,0,36
BRDA:114,24,1,36
BRDA:120,25,0,0
BRDA:125,26,0,4
BRDA:125,26,1,0
BRDA:125,27,0,4
BRDA:125,27,1,4
BRDA:127,28,0,4
BRDA:127,28,1,0
BRDA:145,29,0,0
BRDA:145,29,1,1
BRDA:149,30,0,0
BRDA:149,30,1,1
BRDA:154,31,0,0
BRDA:154,31,1,1
BRDA:154,31,2,0
BRDA:154,31,3,0
BRDA:173,32,0,2
BRDA:175,33,0,10
BRDA:175,33,1,10
BRDA:179,34,0,1
BRDA:179,34,1,7
BRDA:191,35,0,0
BRDA:193,36,0,1
BRDA:193,36,1,5
BRDA:198,37,0,0
BRDA:198,37,1,5
BRDA:212,38,0,1
BRDA:212,38,1,3
BRDA:216,39,0,1
BRDA:216,39,1,2
BRDA:228,40,0,0
BRDA:228,40,1,2
BRDA:254,41,0,2
BRDA:254,41,1,1
BRDA:289,42,0,2
BRDA:289,42,1,2
BRDA:327,43,0,4
BRDA:327,43,1,2
BRDA:358,44,0,1
BRDA:359,45,0,1
BRDA:359,45,1,0
BRDA:363,46,0,0
BRDA:365,47,0,6
BRDA:365,47,1,2
BRDA:371,48,0,1
BRDA:371,48,1,4
BRDA:371,49,0,5
BRDA:371,49,1,1
BRDA:375,50,0,2
BRDA:375,50,1,2
BRDA:422,51,0,1
BRDA:422,51,1,2
BRDA:428,52,0,2
BRDA:428,52,1,0
BRDA:428,53,0,0
BRDA:428,53,1,2
BRDA:428,54,0,2
BRDA:428,54,1,2
BRF:116
BRH:83
end_of_record
TN:
SF:src/prompt.ts
FNF:0
FNH:0
DA:1,1
DA:3,1
DA:5,1
DA:7,1
LF:4
LH:4
BRF:0
BRH:0
end_of_record
